SF:lib\features\data\models\weather_model.dart
DA:8,3
DA:12,3
DA:14,3
DA:15,3
DA:16,3
DA:18,3
DA:19,6
DA:20,12
DA:21,6
DA:22,6
DA:23,6
DA:24,6
DA:27,3
DA:28,9
DA:29,6
DA:30,3
DA:31,3
DA:32,9
DA:33,6
DA:34,21
DA:35,3
DA:38,3
DA:39,6
DA:40,3
DA:41,21
DA:42,3
DA:43,6
DA:44,3
DA:45,9
DA:46,9
DA:47,12
DA:48,12
DA:51,3
DA:54,3
DA:55,3
DA:57,3
DA:58,3
LF:37
LH:37
end_of_record
SF:lib\features\domain\entities\current\current_weather.dart
DA:6,4
DA:8,1
DA:9,2
DA:20,4
DA:29,1
DA:30,7
LF:6
LH:6
end_of_record
SF:lib\features\domain\entities\next\next_seven_day_weather.dart
DA:5,4
DA:9,1
DA:10,2
DA:20,4
DA:28,1
DA:29,6
LF:6
LH:6
end_of_record
SF:lib\features\domain\entities\today\today_weather.dart
DA:6,4
DA:8,1
DA:9,2
DA:17,4
DA:23,1
DA:24,4
LF:6
LH:6
end_of_record
SF:lib\features\domain\entities\weather.dart
DA:10,3
DA:12,0
DA:13,0
LF:3
LH:1
end_of_record
SF:lib\core\errors\failures.dart
DA:4,2
DA:8,2
DA:9,2
DA:13,1
DA:14,1
DA:18,0
DA:19,0
LF:7
LH:5
end_of_record
SF:lib\core\network\network_checker.dart
DA:10,0
DA:11,0
DA:12,0
LF:3
LH:0
end_of_record
SF:lib\features\data\datasource\api_client.dart
DA:12,0
DA:13,0
DA:14,0
DA:15,0
DA:16,0
DA:17,0
DA:19,0
DA:20,0
DA:22,0
LF:9
LH:0
end_of_record
SF:lib\features\data\repository\weather_repository_impl.dart
DA:14,1
DA:15,1
DA:17,2
DA:19,2
DA:20,1
DA:21,1
DA:22,2
DA:25,2
LF:8
LH:8
end_of_record
SF:lib\features\domain\usecases\get_weather_usecase.dart
DA:9,1
DA:12,1
DA:13,2
LF:3
LH:3
end_of_record
SF:lib\core\params\fetch_location.dart
DA:14,0
DA:19,0
DA:21,0
DA:24,0
DA:25,0
DA:26,0
DA:27,0
DA:28,0
DA:30,0
DA:34,0
DA:35,0
DA:37,0
DA:39,0
DA:40,0
DA:41,0
DA:42,0
DA:43,0
DA:44,0
DA:45,0
DA:46,0
DA:47,0
DA:48,0
DA:49,0
DA:50,0
DA:51,0
DA:55,0
DA:58,0
DA:59,0
DA:60,0
LF:29
LH:0
end_of_record
SF:lib\features\presentation\bloc\weather_state.dart
DA:4,1
DA:6,1
DA:7,1
DA:18,0
DA:22,0
DA:23,0
DA:29,0
DA:30,0
DA:31,0
LF:9
LH:3
end_of_record
SF:lib\features\presentation\bloc\weather_event.dart
DA:4,1
DA:6,0
DA:7,0
DA:11,1
DA:12,0
DA:13,0
LF:6
LH:2
end_of_record
SF:lib\features\presentation\bloc\weather_bloc.dart
DA:16,1
DA:19,2
DA:20,1
DA:21,2
DA:24,0
DA:25,0
DA:26,0
DA:27,0
DA:28,0
DA:29,0
DA:30,0
DA:31,0
DA:32,0
DA:33,0
DA:34,0
DA:35,0
DA:36,0
LF:17
LH:4
end_of_record
